Loading required package: bsseq
Loading required package: methods
Loading required package: BiocGenerics
Loading required package: parallel

Attaching package: ‘BiocGenerics’

The following objects are masked from ‘package:parallel’:

    clusterApply, clusterApplyLB, clusterCall, clusterEvalQ,
    clusterExport, clusterMap, parApply, parCapply, parLapply,
    parLapplyLB, parRapply, parSapply, parSapplyLB

The following objects are masked from ‘package:stats’:

    IQR, mad, xtabs

The following objects are masked from ‘package:base’:

    anyDuplicated, append, as.data.frame, as.vector, cbind, colnames,
    do.call, duplicated, eval, evalq, Filter, Find, get, grep, grepl,
    intersect, is.unsorted, lapply, lengths, Map, mapply, match, mget,
    order, paste, pmax, pmax.int, pmin, pmin.int, Position, rank,
    rbind, Reduce, rownames, sapply, setdiff, sort, table, tapply,
    union, unique, unlist, unsplit

Loading required package: IRanges
Loading required package: S4Vectors
Loading required package: stats4
Loading required package: GenomicRanges
Loading required package: GenomeInfoDb
Loading required package: SummarizedExperiment
Loading required package: Biobase
Welcome to Bioconductor

    Vignettes contain introductory material; view with
    'browseVignettes()'. To cite Bioconductor, see
    'citation("Biobase")', and for packages 'citation("pkgname")'.

[1] 48
Assuming file type iscytosineReport
[read.bismark] Reading file '/scratch/groups/wtimp1/170119_chicken/aligned/ACTTGA/ACTTGA.cyto.txt.gz' ... Read 0.0% of 35774923 rowsRead 9.2% of 35774923 rowsRead 18.1% of 35774923 rowsRead 27.1% of 35774923 rowsRead 36.0% of 35774923 rowsRead 44.8% of 35774923 rowsRead 53.6% of 35774923 rowsRead 62.2% of 35774923 rowsRead 70.8% of 35774923 rowsRead 79.3% of 35774923 rowsRead 87.9% of 35774923 rowsRead 96.0% of 35774923 rowsRead 35774923 rows and 7 (of 7) columns from 1.028 GB file in 00:00:17
slurmstepd: error: *** JOB 10795688 ON bigmem0027 CANCELLED AT 2017-01-22T09:03:32 ***
