Loading required package: bsseq
Loading required package: methods
Loading required package: BiocGenerics
Loading required package: parallel

Attaching package: ‘BiocGenerics’

The following objects are masked from ‘package:parallel’:

    clusterApply, clusterApplyLB, clusterCall, clusterEvalQ,
    clusterExport, clusterMap, parApply, parCapply, parLapply,
    parLapplyLB, parRapply, parSapply, parSapplyLB

The following objects are masked from ‘package:stats’:

    IQR, mad, xtabs

The following objects are masked from ‘package:base’:

    anyDuplicated, append, as.data.frame, as.vector, cbind, colnames,
    do.call, duplicated, eval, evalq, Filter, Find, get, grep, grepl,
    intersect, is.unsorted, lapply, lengths, Map, mapply, match, mget,
    order, paste, pmax, pmax.int, pmin, pmin.int, Position, rank,
    rbind, Reduce, rownames, sapply, setdiff, sort, table, tapply,
    union, unique, unlist, unsplit

Loading required package: IRanges
Loading required package: S4Vectors
Loading required package: stats4
Loading required package: GenomicRanges
Loading required package: GenomeInfoDb
Loading required package: SummarizedExperiment
Loading required package: Biobase
Welcome to Bioconductor

    Vignettes contain introductory material; view with
    'browseVignettes()'. To cite Bioconductor, see
    'citation("Biobase")', and for packages 'citation("pkgname")'.

[1] 48
Assuming file type iscytosineReport
[read.bismark] Reading file '/scratch/groups/wtimp1/170119_chicken/aligned/ACTTGA/ACTTGA.cyto.txt.gz' ... Read 0.0% of 35774923 rowsRead 10.0% of 35774923 rowsRead 19.9% of 35774923 rowsRead 29.9% of 35774923 rowsRead 39.7% of 35774923 rowsRead 49.4% of 35774923 rowsRead 59.2% of 35774923 rowsRead 68.7% of 35774923 rowsRead 78.2% of 35774923 rowsRead 87.8% of 35774923 rowsRead 96.9% of 35774923 rowsRead 35774923 rows and 7 (of 7) columns from 1.028 GB file in 00:00:15
done in 121.2 secs
[read.bismark] Joining samples ... done in 4.4 secs
[BSmooth] preprocessing ... done in 1668.1 sec
[BSmooth] smoothing by 'chromosome' (mc.cores = 12, mc.preschedule = FALSE)
[BSmooth] chr idx 2 (out of 23390), done in 0.0 sec
[BSmooth] chr idx 3 (out of 23390), done in 0.0 sec
[BSmooth] chr idx 4 (out of 23390), done in 0.0 sec
[BSmooth] chr idx 5 (out of 23390), done in 0.0 sec
[BSmooth] chr idx 6 (out of 23390), done in 0.0 sec
[BSmooth] chr idx 7 (out of 23390), done in 0.0 sec
[BSmooth] chr idx 8 (out of 23390), done in 0.0 sec
[BSmooth] chr idx 9 (out of 23390), done in 0.0 sec
[BSmooth] chr idx 10 (out of 23390), done in 0.0 sec
[BSmooth] chr idx 11 (out of 23390), done in 0.0 sec
[BSmooth] chr idx 12 (out of 23390), done in 0.0 sec
[BSmooth] chr idx 13 (out of 23390), done in 0.0 sec
[BSmooth] chr idx 14 (out of 23390), done in 0.0 sec
[BSmooth] chr idx 15 (out of 23390), done in 0.0 sec
[BSmooth] chr idx 16 (out of 23390), done in 0.0 sec
[BSmooth] chr idx 17 (out of 23390), done in 0.0 sec
[BSmooth] chr idx 18 (out of 23390), done in 0.0 sec
[BSmooth] chr idx 19 (out of 23390), done in 0.0 sec
[BSmooth] chr idx 20 (out of 23390), done in 0.0 sec
[BSmooth] chr idx 21 (out of 23390), done in 0.0 sec
[BSmooth] chr idx 22 (out of 23390), done in 0.0 sec
[BSmooth] chr idx 23 (out of 23390), done in 0.0 sec
[BSmooth] chr idx 24 (out of 23390), done in 0.0 sec
[BSmooth] chr idx 25 (out of 23390), done in 0.0 sec
[BSmooth] chr idx 26 (out of 23390), done in 0.0 sec
[BSmooth] chr idx 27 (out of 23390), done in 0.0 sec
[BSmooth] chr idx 28 (out of 23390), done in 0.0 sec
[BSmooth] chr idx 29 (out of 23390), done in 0.0 sec
[BSmooth] chr idx 30 (out of 23390), done in 0.0 sec
[BSmooth] chr idx 31 (out of 23390), done in 0.0 sec
[BSmooth] chr idx 32 (out of 23390), done in 0.0 sec
[BSmooth] chr idx 33 (out of 23390), done in 0.0 sec
[BSmooth] chr idx 34 (out of 23390), done in 0.0 sec
[BSmooth] chr idx 35 (out of 23390), done in 0.0 sec
[BSmooth] chr idx 36 (out of 23390), done in 0.0 sec
[BSmooth] chr idx 37 (out of 23390), done in 0.0 sec
[BSmooth] chr idx 38 (out of 23390), done in 0.0 sec
[BSmooth] chr idx 39 (out of 23390), done in 0.0 sec
[BSmooth] chr idx 40 (out of 23390), done in 0.0 sec
[BSmooth] chr idx 41 (out of 23390), done in 0.0 sec
[BSmooth] chr idx 42 (out of 23390), done in 0.0 sec
[BSmooth] chr idx 43 (out of 23390), done in 0.0 sec
[BSmooth] chr idx 44 (out of 23390), done in 0.0 sec
[BSmooth] chr idx 45 (out of 23390), done in 0.0 sec
[BSmooth] chr idx 46 (out of 23390), done in 0.0 sec
[BSmooth] chr idx 47 (out of 23390), done in 0.0 sec
[BSmooth] chr idx 48 (out of 23390), done in 0.0 sec
[BSmooth] chr idx 49 (out of 23390), done in 0.0 sec
[BSmooth] chr idx 50 (out of 23390), done in 0.0 sec
[BSmooth] chr idx 51 (out of 23390), done in 0.0 sec
[BSmooth] chr idx 52 (out of 23390), done in 0.0 sec
[BSmooth] chr idx 53 (out of 23390), done in 0.0 sec
[BSmooth] chr idx 54 (out of 23390), done in 0.0 sec
[BSmooth] chr idx 55 (out of 23390), done in 0.0 sec
[BSmooth] chr idx 56 (out of 23390), done in 0.0 sec
[BSmooth] chr idx 57 (out of 23390), done in 0.0 sec
[BSmooth] chr idx 58 (out of 23390), done in 0.0 sec
[BSmooth] chr idx 59 (out of 23390), done in 0.0 sec
[BSmooth] chr idx 60 (out of 23390), done in 0.0 sec
[BSmooth] chr idx 61 (out of 23390), done in 0.0 sec
[BSmooth] chr idx 62 (out of 23390), done in 0.0 sec
[BSmooth] chr idx 63 (out of 23390), done in 0.0 sec
[BSmooth] chr idx 64 (out of 23390), done in 0.0 sec
[BSmooth] chr idx 65 (out of 23390), done in 0.0 sec
[BSmooth] chr idx 66 (out of 23390), done in 0.0 sec
[BSmooth] chr idx 67 (out of 23390), done in 0.0 sec
[BSmooth] chr idx 68 (out of 23390), done in 0.0 sec
[BSmooth] chr idx 69 (out of 23390), done in 0.0 sec
[BSmooth] chr idx 70 (out of 23390), done in 0.0 sec
[BSmooth] chr idx 71 (out of 23390), done in 0.0 sec
[BSmooth] chr idx 72 (out of 23390), done in 0.0 sec
[BSmooth] chr idx 73 (out of 23390), done in 0.0 sec
[BSmooth] chr idx 74 (out of 23390), done in 0.0 sec
[BSmooth] chr idx 75 (out of 23390), done in 0.0 sec
[BSmooth] chr idx 76 (out of 23390), done in 0.0 sec
[BSmooth] chr idx 77 (out of 23390), done in 0.0 sec
[BSmooth] chr idx 78 (out of 23390), done in 0.0 sec
[BSmooth] chr idx 79 (out of 23390), done in 0.0 sec
[BSmooth] chr idx 80 (out of 23390), done in 0.0 sec
[BSmooth] chr idx 81 (out of 23390), done in 0.0 sec
[BSmooth] chr idx 82 (out of 23390), done in 0.0 sec
[BSmooth] chr idx 83 (out of 23390), done in 0.0 sec
[BSmooth] chr idx 84 (out of 23390), done in 0.0 sec
[BSmooth] chr idx 85 (out of 23390), done in 0.0 sec
[BSmooth] chr idx 86 (out of 23390), done in 0.0 sec
[BSmooth] chr idx 87 (out of 23390), done in 0.0 sec
[BSmooth] chr idx 88 (out of 23390), done in 0.0 sec
[BSmooth] chr idx 89 (out of 23390), done in 0.0 sec
[BSmooth] chr idx 90 (out of 23390), done in 0.0 sec
[BSmooth] chr idx 91 (out of 23390), done in 0.0 sec
[BSmooth] chr idx 92 (out of 23390), done in 0.0 sec
[BSmooth] chr idx 93 (out of 23390), done in 0.0 sec
[BSmooth] chr idx 94 (out of 23390), done in 0.0 sec
[BSmooth] chr idx 95 (out of 23390), done in 0.0 sec
[BSmooth] chr idx 96 (out of 23390), done in 0.0 sec
[BSmooth] chr idx 97 (out of 23390), done in 0.0 sec
[BSmooth] chr idx 98 (out of 23390), done in 0.0 sec
[BSmooth] chr idx 99 (out of 23390), done in 0.0 sec
[BSmooth] chr idx 100 (out of 23390), done in 0.0 sec
[BSmooth] chr idx 101 (out of 23390), done in 0.0 sec
[BSmooth] chr idx 102 (out of 23390), done in 0.0 sec
[BSmooth] chr idx 103 (out of 23390), done in 0.0 sec
[BSmooth] chr idx 104 (out of 23390), done in 0.0 sec
[BSmooth] chr idx 105 (out of 23390), done in 0.0 sec
[BSmooth] chr idx 106 (out of 23390), done in 0.0 sec
[BSmooth] chr idx 107 (out of 23390), done in 0.0 sec
[BSmooth] chr idx 108 (out of 23390), done in 0.0 sec
[BSmooth] chr idx 109 (out of 23390), done in 0.0 sec
[BSmooth] chr idx 110 (out of 23390), done in 0.0 sec
[BSmooth] chr idx 111 (out of 23390), done in 0.0 sec
[BSmooth] chr idx 112 (out of 23390), done in 0.0 sec
[BSmooth] chr idx 113 (out of 23390), done in 0.0 sec
[BSmooth] chr idx 114 (out of 23390), done in 0.0 sec
[BSmooth] chr idx 115 (out of 23390), done in 0.0 sec
[BSmooth] chr idx 116 (out of 23390), done in 0.0 sec
[BSmooth] chr idx 117 (out of 23390), done in 0.0 sec
[BSmooth] chr idx 118 (out of 23390), done in 0.0 sec
[BSmooth] chr idx 119 (out of 23390), done in 0.0 sec
[BSmooth] chr idx 120 (out of 23390), done in 0.0 sec
[BSmooth] chr idx 121 (out of 23390), done in 0.0 sec
[BSmooth] chr idx 122 (out of 23390), done in 0.0 sec
[BSmooth] chr idx 123 (out of 23390), done in 0.0 sec
[BSmooth] chr idx 124 (out of 23390), done in 0.0 sec
[BSmooth] chr idx 125 (out of 23390), done in 0.0 sec
[BSmooth] chr idx 126 (out of 23390), done in 0.0 sec
[BSmooth] chr idx 127 (out of 23390), done in 0.0 sec
[BSmooth] chr idx 128 (out of 23390), done in 0.0 sec
[BSmooth] chr idx 129 (out of 23390), done in 0.0 sec
[BSmooth] chr idx 130 (out of 23390), done in 0.0 sec
[BSmooth] chr idx 131 (out of 23390), done in 0.0 sec
[BSmooth] chr idx 132 (out of 23390), done in 0.0 sec
[BSmooth] chr idx 133 (out of 23390), done in 0.0 sec
[BSmooth] chr idx 134 (out of 23390), done in 0.0 sec
[BSmooth] chr idx 135 (out of 23390), done in 0.0 sec
[BSmooth] chr idx 136 (out of 23390), done in 0.0 sec
[BSmooth] chr idx 137 (out of 23390), done in 0.0 sec
[BSmooth] chr idx 138 (out of 23390), done in 0.0 sec
[BSmooth] chr idx 139 (out of 23390), done in 0.0 sec
[BSmooth] chr idx 140 (out of 23390), done in 0.0 sec
[BSmooth] chr idx 141 (out of 23390), done in 0.0 sec
[BSmooth] chr idx 142 (out of 23390), done in 0.0 sec
[BSmooth] chr idx 143 (out of 23390), done in 0.0 sec
[BSmooth] chr idx 144 (out of 23390), done in 0.0 sec
[BSmooth] chr idx 145 (out of 23390), done in 0.0 sec
[BSmooth] chr idx 146 (out of 23390), done in 0.0 sec
[BSmooth] chr idx 147 (out of 23390), done in 0.0 sec
[BSmooth] chr idx 148 (out of 23390), done in 0.0 sec
[BSmooth] chr idx 149 (out of 23390), done in 0.0 sec
[BSmooth] chr idx 150 (out of 23390), done in 0.0 sec
[BSmooth] chr idx 151 (out of 23390), done in 0.0 sec
[BSmooth] chr idx 152 (out of 23390), done in 0.0 sec
[BSmooth] chr idx 153 (out of 23390), done in 0.0 sec
[BSmooth] chr idx 154 (out of 23390), done in 0.0 sec
[BSmooth] chr idx 155 (out of 23390), done in 0.0 sec
[BSmooth] chr idx 156 (out of 23390), done in 0.0 sec
[BSmooth] chr idx 157 (out of 23390), done in 0.0 sec
[BSmooth] chr idx 158 (out of 23390), done in 0.0 sec
[BSmooth] chr idx 159 (out of 23390), done in 0.0 sec
[BSmooth] chr idx 160 (out of 23390), done in 0.0 sec
[BSmooth] chr idx 161 (out of 23390), done in 0.0 sec
[BSmooth] chr idx 162 (out of 23390), done in 0.0 sec
[BSmooth] chr idx 163 (out of 23390), done in 0.0 sec
[BSmooth] chr idx 164 (out of 23390), done in 0.0 sec
[BSmooth] chr idx 165 (out of 23390), done in 0.0 sec
[BSmooth] chr idx 166 (out of 23390), done in 0.0 sec
[BSmooth] chr idx 167 (out of 23390), done in 0.0 sec
[BSmooth] chr idx 168 (out of 23390), done in 0.0 sec
[BSmooth] chr idx 169 (out of 23390), done in 0.0 sec
[BSmooth] chr idx 170 (out of 23390), done in 0.0 sec
[BSmooth] chr idx 171 (out of 23390), done in 0.0 sec
[BSmooth] chr idx 172 (out of 23390), done in 0.0 sec
[BSmooth] chr idx 173 (out of 23390), done in 0.0 sec
[BSmooth] chr idx 174 (out of 23390), done in 0.0 sec
[BSmooth] chr idx 175 (out of 23390), done in 0.0 sec
[BSmooth] chr idx 176 (out of 23390), done in 0.0 sec
[BSmooth] chr idx 177 (out of 23390), done in 0.0 sec
[BSmooth] chr idx 178 (out of 23390), done in 0.0 sec
[BSmooth] chr idx 179 (out of 23390), done in 0.0 sec
[BSmooth] chr idx 180 (out of 23390), done in 0.0 sec
[BSmooth] chr idx 181 (out of 23390), done in 0.0 sec
[BSmooth] chr idx 182 (out of 23390), done in 0.0 sec
[BSmooth] chr idx 183 (out of 23390), done in 0.0 sec
[BSmooth] chr idx 184 (out of 23390), done in 0.0 sec
[BSmooth] chr idx 185 (out of 23390), done in 0.0 sec
[BSmooth] chr idx 186 (out of 23390), done in 0.0 sec
[BSmooth] chr idx 187 (out of 23390), done in 0.0 sec
[BSmooth] chr idx 188 (out of 23390), done in 0.0 sec
[BSmooth] chr idx 189 (out of 23390), done in 0.0 sec
[BSmooth] chr idx 190 (out of 23390), done in 0.0 sec
[BSmooth] chr idx 191 (out of 23390), done in 0.0 sec
[BSmooth] chr idx 192 (out of 23390), done in 0.0 sec
[BSmooth] chr idx 193 (out of 23390), done in 0.0 sec
[BSmooth] chr idx 194 (out of 23390), done in 0.0 sec
[BSmooth] chr idx 195 (out of 23390), done in 0.0 sec
[BSmooth] chr idx 196 (out of 23390), done in 0.0 sec
[BSmooth] chr idx 197 (out of 23390), done in 0.0 sec
[BSmooth] chr idx 198 (out of 23390), done in 0.0 sec
[BSmooth] chr idx 199 (out of 23390), done in 0.0 sec
[BSmooth] chr idx 200 (out of 23390), done in 0.0 sec
[BSmooth] chr idx 201 (out of 23390), done in 0.0 sec
[BSmooth] chr idx 202 (out of 23390), done in 0.0 sec
[BSmooth] chr idx 203 (out of 23390), done in 0.0 sec
[BSmooth] chr idx 204 (out of 23390), done in 0.0 sec
[BSmooth] chr idx 205 (out of 23390), done in 0.0 sec
[BSmooth] chr idx 206 (out of 23390), done in 0.0 sec
[BSmooth] chr idx 207 (out of 23390), done in 0.0 sec
[BSmooth] chr idx 208 (out of 23390), done in 0.0 sec
[BSmooth] chr idx 209 (out of 23390), done in 0.0 sec
[BSmooth] chr idx 210 (out of 23390), done in 0.0 sec
[BSmooth] chr idx 211 (out of 23390), done in 0.0 sec
[BSmooth] chr idx 212 (out of 23390), done in 0.0 sec
[BSmooth] chr idx 213 (out of 23390), done in 0.0 sec
[BSmooth] chr idx 214 (out of 23390), done in 0.0 sec
[BSmooth] chr idx 215 (out of 23390), done in 0.0 sec
[BSmooth] chr idx 216 (out of 23390), done in 0.0 sec
[BSmooth] chr idx 217 (out of 23390), done in 0.0 sec
[BSmooth] chr idx 218 (out of 23390), done in 0.0 sec
[BSmooth] chr idx 219 (out of 23390), done in 0.0 sec
[BSmooth] chr idx 220 (out of 23390), done in 0.0 sec
[BSmooth] chr idx 221 (out of 23390), done in 0.0 sec
[BSmooth] chr idx 222 (out of 23390), done in 0.0 sec
[BSmooth] chr idx 223 (out of 23390), done in 0.0 sec
[BSmooth] chr idx 224 (out of 23390), done in 0.0 sec
[BSmooth] chr idx 225 (out of 23390), done in 0.0 sec
[BSmooth] chr idx 226 (out of 23390), done in 0.0 sec
[BSmooth] chr idx 227 (out of 23390), done in 0.0 sec
[BSmooth] chr idx 228 (out of 23390), done in 0.0 sec
[BSmooth] chr idx 229 (out of 23390), done in 0.0 sec
[BSmooth] chr idx 230 (out of 23390), done in 0.0 sec
[BSmooth] chr idx 231 (out of 23390), done in 0.0 sec
[BSmooth] chr idx 232 (out of 23390), done in 0.0 sec
[BSmooth] chr idx 233 (out of 23390), done in 0.0 sec
[BSmooth] chr idx 234 (out of 23390), done in 0.0 sec
[BSmooth] chr idx 235 (out of 23390), done in 0.0 sec
[BSmooth] chr idx 236 (out of 23390), done in 0.0 sec
[BSmooth] chr idx 237 (out of 23390), done in 0.0 sec
[BSmooth] chr idx 238 (out of 23390), done in 0.0 sec
[BSmooth] chr idx 239 (out of 23390), done in 0.0 sec
[BSmooth] chr idx 240 (out of 23390), done in 0.0 sec
[BSmooth] chr idx 241 (out of 23390), done in 0.0 sec
[BSmooth] chr idx 242 (out of 23390), done in 0.0 sec
[BSmooth] chr idx 243 (out of 23390), done in 0.0 sec
[BSmooth] chr idx 244 (out of 23390), done in 0.0 sec
[BSmooth] chr idx 245 (out of 23390), done in 0.0 sec
[BSmooth] chr idx 246 (out of 23390), done in 0.0 sec
[BSmooth] chr idx 247 (out of 23390), done in 0.0 sec
[BSmooth] chr idx 248 (out of 23390), done in 0.0 sec
[BSmooth] chr idx 249 (out of 23390), done in 0.0 sec
[BSmooth] chr idx 250 (out of 23390), done in 0.0 sec
[BSmooth] chr idx 251 (out of 23390), done in 0.0 sec
[BSmooth] chr idx 252 (out of 23390), done in 0.0 sec
[BSmooth] chr idx 253 (out of 23390), done in 0.0 sec
[BSmooth] chr idx 254 (out of 23390), done in 0.0 sec
[BSmooth] chr idx 255 (out of 23390), done in 0.0 sec
[BSmooth] chr idx 256 (out of 23390), done in 0.0 sec
[BSmooth] chr idx 257 (out of 23390), done in 0.0 sec
[BSmooth] chr idx 258 (out of 23390), done in 0.0 sec
[BSmooth] chr idx 259 (out of 23390), done in 0.0 sec
[BSmooth] chr idx 260 (out of 23390), done in 0.0 sec
[BSmooth] chr idx 261 (out of 23390), done in 0.0 sec
[BSmooth] chr idx 262 (out of 23390), done in 0.0 sec
[BSmooth] chr idx 263 (out of 23390), done in 0.0 sec
[BSmooth] chr idx 264 (out of 23390), done in 0.0 sec
[BSmooth] chr idx 265 (out of 23390), done in 0.0 sec
[BSmooth] chr idx 266 (out of 23390), done in 0.0 sec
[BSmooth] chr idx 267 (out of 23390), done in 0.0 sec
[BSmooth] chr idx 268 (out of 23390), done in 0.0 sec
[BSmooth] chr idx 269 (out of 23390), done in 0.0 sec
[BSmooth] chr idx 270 (out of 23390), done in 0.0 sec
[BSmooth] chr idx 271 (out of 23390), done in 0.0 sec
[BSmooth] chr idx 272 (out of 23390), done in 0.0 sec
[BSmooth] chr idx 273 (out of 23390), done in 0.0 sec
[BSmooth] chr idx 274 (out of 23390), done in 0.0 sec
[BSmooth] chr idx 275 (out of 23390), done in 0.0 sec
[BSmooth] chr idx 276 (out of 23390), done in 0.0 sec
[BSmooth] chr idx 277 (out of 23390), done in 0.0 sec
[BSmooth] chr idx 278 (out of 23390), done in 0.0 sec
[BSmooth] chr idx 279 (out of 23390), done in 0.0 sec
[BSmooth] chr idx 280 (out of 23390), done in 0.0 sec
[BSmooth] chr idx 281 (out of 23390), done in 0.0 sec
[BSmooth] chr idx 282 (out of 23390), done in 0.0 sec
[BSmooth] chr idx 283 (out of 23390), done in 0.0 sec
[BSmooth] chr idx 284 (out of 23390), done in 0.0 sec
[BSmooth] chr idx 285 (out of 23390), done in 0.0 sec
[BSmooth] chr idx 286 (out of 23390), done in 0.0 sec
[BSmooth] chr idx 287 (out of 23390), done in 0.0 sec
[BSmooth] chr idx 288 (out of 23390), done in 0.0 sec
[BSmooth] chr idx 289 (out of 23390), done in 0.0 sec
[BSmooth] chr idx 290 (out of 23390), done in 0.0 sec
[BSmooth] chr idx 291 (out of 23390), done in 0.0 sec
[BSmooth] chr idx 292 (out of 23390), done in 0.0 sec
[BSmooth] chr idx 293 (out of 23390), done in 0.0 sec
[BSmooth] chr idx 294 (out of 23390), done in 0.0 sec
[BSmooth] chr idx 295 (out of 23390), done in 0.0 sec
[BSmooth] chr idx 296 (out of 23390), done in 0.0 sec
[BSmooth] chr idx 297 (out of 23390), done in 0.0 sec
[BSmooth] chr idx 298 (out of 23390), done in 0.0 sec
[BSmooth] chr idx 299 (out of 23390), done in 0.0 sec
[BSmooth] chr idx 300 (out of 23390), done in 0.0 sec
[BSmooth] chr idx 301 (out of 23390), done in 0.0 sec
[BSmooth] chr idx 302 (out of 23390), done in 0.0 sec
[BSmooth] chr idx 303 (out of 23390), done in 0.0 sec
[BSmooth] chr idx 304 (out of 23390), done in 0.0 sec
[BSmooth] chr idx 305 (out of 23390), done in 0.0 sec
[BSmooth] chr idx 306 (out of 23390), done in 0.0 sec
[BSmooth] chr idx 307 (out of 23390), done in 0.0 sec
[BSmooth] chr idx 308 (out of 23390), done in 0.0 sec
[BSmooth] chr idx 309 (out of 23390), done in 0.0 sec
[BSmooth] chr idx 310 (out of 23390), done in 0.0 sec
[BSmooth] chr idx 311 (out of 23390), done in 0.0 sec
[BSmooth] chr idx 312 (out of 23390), done in 0.0 sec
[BSmooth] chr idx 313 (out of 23390), done in 0.0 sec
[BSmooth] chr idx 314 (out of 23390), done in 0.0 sec
[BSmooth] chr idx 315 (out of 23390), done in 0.0 sec
[BSmooth] chr idx 316 (out of 23390), done in 0.0 sec
[BSmooth] chr idx 317 (out of 23390), done in 0.0 sec
[BSmooth] chr idx 318 (out of 23390), done in 0.0 sec
[BSmooth] chr idx 319 (out of 23390), done in 0.0 sec
[BSmooth] chr idx 320 (out of 23390), done in 0.0 sec
[BSmooth] chr idx 321 (out of 23390), done in 0.0 sec
[BSmooth] chr idx 322 (out of 23390), done in 0.0 sec
[BSmooth] chr idx 323 (out of 23390), done in 0.0 sec
[BSmooth] chr idx 324 (out of 23390), done in 0.0 sec
[BSmooth] chr idx 325 (out of 23390), done in 0.0 sec
[BSmooth] chr idx 326 (out of 23390), done in 0.0 sec
[BSmooth] chr idx 327 (out of 23390), done in 0.0 sec
[BSmooth] chr idx 328 (out of 23390), done in 0.0 sec
[BSmooth] chr idx 329 (out of 23390), done in 0.0 sec
[BSmooth] chr idx 330 (out of 23390), done in 0.0 sec
[BSmooth] chr idx 331 (out of 23390), done in 0.0 sec
[BSmooth] chr idx 332 (out of 23390), done in 0.0 sec
[BSmooth] chr idx 333 (out of 23390), done in 0.0 sec
[BSmooth] chr idx 334 (out of 23390), done in 0.0 sec
[BSmooth] chr idx 335 (out of 23390), done in 0.0 sec
[BSmooth] chr idx 336 (out of 23390), done in 0.0 sec
[BSmooth] chr idx 337 (out of 23390), done in 0.0 sec
[BSmooth] chr idx 338 (out of 23390), done in 0.0 sec
[BSmooth] chr idx 339 (out of 23390), done in 0.0 sec
[BSmooth] chr idx 340 (out of 23390), done in 0.0 sec
[BSmooth] chr idx 341 (out of 23390), done in 0.0 sec
[BSmooth] chr idx 342 (out of 23390), done in 0.0 sec
[BSmooth] chr idx 343 (out of 23390), done in 0.0 sec
[BSmooth] chr idx 344 (out of 23390), done in 0.0 sec
[BSmooth] chr idx 345 (out of 23390), done in 0.0 sec
[BSmooth] chr idx 346 (out of 23390), done in 0.0 sec
[BSmooth] chr idx 347 (out of 23390), done in 0.0 sec
[BSmooth] chr idx 348 (out of 23390), done in 0.0 sec
[BSmooth] chr idx 349 (out of 23390), done in 0.0 sec
[BSmooth] chr idx 350 (out of 23390), done in 0.0 sec
[BSmooth] chr idx 351 (out of 23390), done in 0.0 sec
[BSmooth] chr idx 352 (out of 23390), done in 0.0 sec
[BSmooth] chr idx 353 (out of 23390), done in 0.0 sec
[BSmooth] chr idx 354 (out of 23390), done in 0.0 sec
[BSmooth] chr idx 355 (out of 23390), done in 0.0 sec
[BSmooth] chr idx 356 (out of 23390), done in 0.0 sec
[BSmooth] chr idx 357 (out of 23390), done in 0.0 sec
[BSmooth] chr idx 358 (out of 23390), done in 0.0 sec
[BSmooth] chr idx 359 (out of 23390), done in 0.0 sec
[BSmooth] chr idx 360 (out of 23390), done in 0.0 sec
[BSmooth] chr idx 361 (out of 23390), done in 0.0 sec
[BSmooth] chr idx 362 (out of 23390), done in 0.0 sec
[BSmooth] chr idx 363 (out of 23390), done in 0.0 sec
[BSmooth] chr idx 364 (out of 23390), done in 0.0 sec
[BSmooth] chr idx 365 (out of 23390), done in 0.0 sec
[BSmooth] chr idx 366 (out of 23390), done in 0.0 sec
[BSmooth] chr idx 367 (out of 23390), done in 0.0 sec
[BSmooth] chr idx 368 (out of 23390), done in 0.0 sec
[BSmooth] chr idx 369 (out of 23390), done in 0.0 sec
[BSmooth] chr idx 370 (out of 23390), done in 0.0 sec
[BSmooth] chr idx 371 (out of 23390), done in 0.0 sec
[BSmooth] chr idx 372 (out of 23390), done in 0.0 sec
[BSmooth] chr idx 373 (out of 23390), done in 0.0 sec
[BSmooth] chr idx 374 (out of 23390), done in 0.0 sec
[BSmooth] chr idx 375 (out of 23390), done in 0.0 sec
[BSmooth] chr idx 376 (out of 23390), done in 0.0 sec
[BSmooth] chr idx 377 (out of 23390), done in 0.0 sec
[BSmooth] chr idx 378 (out of 23390), done in 0.0 sec
[BSmooth] chr idx 379 (out of 23390), done in 0.0 sec
[BSmooth] chr idx 380 (out of 23390), done in 0.0 sec
[BSmooth] chr idx 381 (out of 23390), done in 0.0 sec
[BSmooth] chr idx 382 (out of 23390), done in 0.0 sec
[BSmooth] chr idx 383 (out of 23390), done in 0.0 sec
[BSmooth] chr idx 384 (out of 23390), done in 0.0 sec
[BSmooth] chr idx 385 (out of 23390), done in 0.0 sec
[BSmooth] chr idx 386 (out of 23390), done in 0.0 sec
[BSmooth] chr idx 387 (out of 23390), done in 0.0 sec
[BSmooth] chr idx 388 (out of 23390), done in 0.0 sec
[BSmooth] chr idx 389 (out of 23390), done in 0.0 sec
[BSmooth] chr idx 390 (out of 23390), done in 0.0 sec
[BSmooth] chr idx 391 (out of 23390), done in 0.0 sec
[BSmooth] chr idx 392 (out of 23390), done in 0.0 sec
[BSmooth] chr idx 393 (out of 23390), done in 0.0 sec
[BSmooth] chr idx 394 (out of 23390), done in 0.0 sec
[BSmooth] chr idx 395 (out of 23390), done in 0.0 sec
[BSmooth] chr idx 396 (out of 23390), done in 0.0 sec
[BSmooth] chr idx 397 (out of 23390), done in 0.0 sec
[BSmooth] chr idx 398 (out of 23390), done in 0.0 sec
[BSmooth] chr idx 399 (out of 23390), done in 0.0 sec
[BSmooth] chr idx 400 (out of 23390), done in 0.0 sec
[BSmooth] chr idx 401 (out of 23390), done in 0.0 sec
[BSmooth] chr idx 402 (out of 23390), done in 0.0 sec
[BSmooth] chr idx 403 (out of 23390), done in 0.0 sec
[BSmooth] chr idx 404 (out of 23390), done in 0.0 sec
[BSmooth] chr idx 405 (out of 23390), done in 0.0 sec
[BSmooth] chr idx 406 (out of 23390), done in 0.0 sec
[BSmooth] chr idx 407 (out of 23390), done in 0.0 sec
[BSmooth] chr idx 408 (out of 23390), done in 0.0 sec
[BSmooth] chr idx 409 (out of 23390), done in 0.0 sec
[BSmooth] chr idx 410 (out of 23390), done in 0.0 sec
[BSmooth] chr idx 411 (out of 23390), done in 0.0 sec
[BSmooth] chr idx 412 (out of 23390), done in 0.0 sec
[BSmooth] chr idx 413 (out of 23390), done in 0.0 sec
[BSmooth] chr idx 414 (out of 23390), done in 0.0 sec
[BSmooth] chr idx 415 (out of 23390), done in 0.0 sec
[BSmooth] chr idx 416 (out of 23390), done in 0.0 sec
[BSmooth] chr idx 417 (out of 23390), done in 0.0 sec
[BSmooth] chr idx 418 (out of 23390), done in 0.0 sec
[BSmooth] chr idx 419 (out of 23390), done in 0.0 sec
[BSmooth] chr idx 420 (out of 23390), done in 0.0 sec
[BSmooth] chr idx 421 (out of 23390), done in 0.0 sec
[BSmooth] chr idx 422 (out of 23390), done in 0.0 sec
[BSmooth] chr idx 423 (out of 23390), done in 0.0 sec
[BSmooth] chr idx 424 (out of 23390), done in 0.0 sec
[BSmooth] chr idx 425 (out of 23390), done in 0.0 sec
[BSmooth] chr idx 426 (out of 23390), done in 0.0 sec
[BSmooth] chr idx 427 (out of 23390), done in 0.0 sec
[BSmooth] chr idx 428 (out of 23390), done in 0.0 sec
[BSmooth] chr idx 429 (out of 23390), done in 0.0 sec
[BSmooth] chr idx 430 (out of 23390), done in 0.0 sec
[BSmooth] chr idx 431 (out of 23390), done in 0.0 sec
[BSmooth] chr idx 432 (out of 23390), done in 0.0 sec
[BSmooth] chr idx 433 (out of 23390), done in 0.0 sec
[BSmooth] chr idx 434 (out of 23390), done in 0.0 sec
[BSmooth] chr idx 435 (out of 23390), done in 0.0 sec
[BSmooth] chr idx 436 (out of 23390), done in 0.0 sec
[BSmooth] chr idx 437 (out of 23390), done in 0.0 sec
[BSmooth] chr idx 438 (out of 23390), done in 0.0 sec
[BSmooth] chr idx 439 (out of 23390), done in 0.0 sec
[BSmooth] chr idx 440 (out of 23390), done in 0.0 sec
[BSmooth] chr idx 441 (out of 23390), done in 0.0 sec
[BSmooth] chr idx 442 (out of 23390), done in 0.0 sec
[BSmooth] chr idx 443 (out of 23390), done in 0.0 sec
[BSmooth] chr idx 444 (out of 23390), done in 0.0 sec
[BSmooth] chr idx 445 (out of 23390), done in 0.0 sec
[BSmooth] chr idx 446 (out of 23390), done in 0.0 sec
[BSmooth] chr idx 447 (out of 23390), done in 0.0 sec
[BSmooth] chr idx 448 (out of 23390), done in 0.0 sec
[BSmooth] chr idx 449 (out of 23390), done in 0.0 sec
[BSmooth] chr idx 450 (out of 23390), done in 0.0 sec
[BSmooth] chr idx 451 (out of 23390), done in 0.0 sec
[BSmooth] chr idx 452 (out of 23390), done in 0.0 sec
[BSmooth] chr idx 453 (out of 23390), done in 0.0 sec
[BSmooth] chr idx 454 (out of 23390), done in 0.0 sec
[BSmooth] chr idx 455 (out of 23390), done in 0.0 sec
[BSmooth] chr idx 456 (out of 23390), done in 0.0 sec
[BSmooth] chr idx 457 (out of 23390), done in 0.0 sec
[BSmooth] chr idx 458 (out of 23390), done in 0.0 sec
[BSmooth] chr idx 459 (out of 23390), done in 0.0 sec
[BSmooth] chr idx 460 (out of 23390), done in 0.0 sec
[BSmooth] chr idx 461 (out of 23390), done in 0.0 sec
[BSmooth] chr idx 462 (out of 23390), done in 0.0 sec
[BSmooth] chr idx 463 (out of 23390), done in 0.0 sec
[BSmooth] chr idx 464 (out of 23390), done in 0.0 sec
[BSmooth] chr idx 465 (out of 23390), done in 0.0 sec
[BSmooth] chr idx 466 (out of 23390), done in 0.0 sec
[BSmooth] chr idx 467 (out of 23390), done in 0.0 sec
[BSmooth] chr idx 468 (out of 23390), done in 0.0 sec
[BSmooth] chr idx 469 (out of 23390), done in 0.0 sec
[BSmooth] chr idx 470 (out of 23390), done in 0.0 sec
[BSmooth] chr idx 471 (out of 23390), done in 0.0 sec
[BSmooth] chr idx 472 (out of 23390), done in 0.0 sec
[BSmooth] chr idx 473 (out of 23390), done in 0.0 sec
[BSmooth] chr idx 474 (out of 23390), done in 0.0 sec
[BSmooth] chr idx 475 (out of 23390), done in 0.0 sec
[BSmooth] chr idx 476 (out of 23390), done in 0.0 sec
[BSmooth] chr idx 477 (out of 23390), done in 0.0 sec
[BSmooth] chr idx 478 (out of 23390), done in 0.0 sec
[BSmooth] chr idx 479 (out of 23390), done in 0.0 sec
[BSmooth] chr idx 480 (out of 23390), done in 0.0 sec
[BSmooth] chr idx 481 (out of 23390), done in 0.0 sec
[BSmooth] chr idx 482 (out of 23390), done in 0.0 sec
[BSmooth] chr idx 483 (out of 23390), done in 0.0 sec
[BSmooth] chr idx 484 (out of 23390), done in 0.0 sec
[BSmooth] chr idx 485 (out of 23390), done in 0.0 sec
[BSmooth] chr idx 486 (out of 23390), done in 0.0 sec
[BSmooth] chr idx 487 (out of 23390), done in 0.0 sec
[BSmooth] chr idx 488 (out of 23390), done in 0.0 sec
[BSmooth] chr idx 489 (out of 23390), done in 0.0 sec
[BSmooth] chr idx 490 (out of 23390), done in 0.0 sec
[BSmooth] chr idx 491 (out of 23390), done in 0.0 sec
[BSmooth] chr idx 492 (out of 23390), done in 0.0 sec
[BSmooth] chr idx 493 (out of 23390), done in 0.0 sec
[BSmooth] chr idx 494 (out of 23390), done in 0.0 sec
[BSmooth] chr idx 495 (out of 23390), done in 0.0 sec
[BSmooth] chr idx 496 (out of 23390), done in 0.0 sec
[BSmooth] chr idx 497 (out of 23390), done in 0.0 sec
[BSmooth] chr idx 498 (out of 23390), done in 0.0 sec
[BSmooth] chr idx 499 (out of 23390), done in 0.0 sec
[BSmooth] chr idx 500 (out of 23390), done in 0.0 sec
[BSmooth] chr idx 501 (out of 23390), done in 0.0 sec
[BSmooth] chr idx 502 (out of 23390), done in 0.0 sec
[BSmooth] chr idx 503 (out of 23390), done in 0.0 sec
[BSmooth] chr idx 504 (out of 23390), done in 0.0 sec
[BSmooth] chr idx 505 (out of 23390), done in 0.0 sec
[BSmooth] chr idx 506 (out of 23390), done in 0.0 sec
[BSmooth] chr idx 507 (out of 23390), done in 0.0 sec
[BSmooth] chr idx 508 (out of 23390), done in 0.0 sec
[BSmooth] chr idx 509 (out of 23390), done in 0.0 sec
[BSmooth] chr idx 510 (out of 23390), done in 0.0 sec
[BSmooth] chr idx 511 (out of 23390), done in 0.0 sec
[BSmooth] chr idx 512 (out of 23390), done in 0.0 sec
[BSmooth] chr idx 513 (out of 23390), done in 0.0 sec
[BSmooth] chr idx 514 (out of 23390), done in 0.0 sec
[BSmooth] chr idx 515 (out of 23390), done in 0.0 sec
[BSmooth] chr idx 516 (out of 23390), done in 0.0 sec
[BSmooth] chr idx 517 (out of 23390), done in 0.0 sec
[BSmooth] chr idx 518 (out of 23390), done in 0.0 sec
[BSmooth] chr idx 519 (out of 23390), done in 0.0 sec
[BSmooth] chr idx 520 (out of 23390), done in 0.0 sec
[BSmooth] chr idx 521 (out of 23390), done in 0.0 sec
[BSmooth] chr idx 522 (out of 23390), done in 0.0 sec
[BSmooth] chr idx 523 (out of 23390), done in 0.0 sec
[BSmooth] chr idx 524 (out of 23390), done in 0.0 sec
[BSmooth] chr idx 525 (out of 23390), done in 0.0 sec
[BSmooth] chr idx 526 (out of 23390), done in 0.0 sec
[BSmooth] chr idx 527 (out of 23390), done in 0.0 sec
[BSmooth] chr idx 528 (out of 23390), done in 0.0 sec
[BSmooth] chr idx 529 (out of 23390), done in 0.0 sec
[BSmooth] chr idx 530 (out of 23390), done in 0.0 sec
[BSmooth] chr idx 531 (out of 23390), done in 0.0 sec
[BSmooth] chr idx 532 (out of 23390), done in 0.0 sec
[BSmooth] chr idx 533 (out of 23390), done in 0.0 sec
[BSmooth] chr idx 534 (out of 23390), done in 0.0 sec
[BSmooth] chr idx 535 (out of 23390), done in 0.0 sec
[BSmooth] chr idx 536 (out of 23390), done in 0.0 sec
[BSmooth] chr idx 537 (out of 23390), done in 0.0 sec
[BSmooth] chr idx 538 (out of 23390), done in 0.0 sec
[BSmooth] chr idx 539 (out of 23390), done in 0.0 sec
[BSmooth] chr idx 540 (out of 23390), done in 0.0 sec
[BSmooth] chr idx 541 (out of 23390), done in 0.0 sec
[BSmooth] chr idx 542 (out of 23390), done in 0.0 sec
[BSmooth] chr idx 543 (out of 23390), done in 0.0 sec
[BSmooth] chr idx 544 (out of 23390), done in 0.0 sec
[BSmooth] chr idx 545 (out of 23390), done in 0.0 sec
[BSmooth] chr idx 546 (out of 23390), done in 0.0 sec
[BSmooth] chr idx 547 (out of 23390), done in 0.0 sec
[BSmooth] chr idx 548 (out of 23390), done in 0.0 sec
[BSmooth] chr idx 549 (out of 23390), done in 0.0 sec
[BSmooth] chr idx 550 (out of 23390), done in 0.0 sec
[BSmooth] chr idx 551 (out of 23390), done in 0.0 sec
[BSmooth] chr idx 552 (out of 23390), done in 0.0 sec
[BSmooth] chr idx 553 (out of 23390), done in 0.0 sec
[BSmooth] chr idx 554 (out of 23390), done in 0.0 sec
[BSmooth] chr idx 555 (out of 23390), done in 0.0 sec
[BSmooth] chr idx 556 (out of 23390), done in 0.0 sec
[BSmooth] chr idx 557 (out of 23390), done in 0.0 sec
[BSmooth] chr idx 558 (out of 23390), done in 0.0 sec
[BSmooth] chr idx 559 (out of 23390), done in 0.0 sec
[BSmooth] chr idx 560 (out of 23390), done in 0.0 sec
[BSmooth] chr idx 561 (out of 23390), done in 0.0 sec
[BSmooth] chr idx 562 (out of 23390), done in 0.0 sec
[BSmooth] chr idx 563 (out of 23390), done in 0.0 sec
[BSmooth] chr idx 564 (out of 23390), done in 0.0 sec
[BSmooth] chr idx 565 (out of 23390), done in 0.0 sec
[BSmooth] chr idx 566 (out of 23390), done in 0.0 sec
[BSmooth] chr idx 567 (out of 23390), done in 0.0 sec
[BSmooth] chr idx 568 (out of 23390), done in 0.0 sec
[BSmooth] chr idx 569 (out of 23390), done in 0.0 sec
[BSmooth] chr idx 570 (out of 23390), done in 0.0 sec
[BSmooth] chr idx 571 (out of 23390), done in 0.0 sec
[BSmooth] chr idx 572 (out of 23390), done in 0.0 sec
[BSmooth] chr idx 573 (out of 23390), done in 0.0 sec
[BSmooth] chr idx 574 (out of 23390), done in 0.0 sec
[BSmooth] chr idx 575 (out of 23390), done in 0.0 sec
[BSmooth] chr idx 576 (out of 23390), done in 0.0 sec
[BSmooth] chr idx 577 (out of 23390), done in 0.0 sec
[BSmooth] chr idx 578 (out of 23390), done in 0.0 sec
[BSmooth] chr idx 579 (out of 23390), done in 0.0 sec
[BSmooth] chr idx 580 (out of 23390), done in 0.0 sec
[BSmooth] chr idx 581 (out of 23390), done in 0.0 sec
[BSmooth] chr idx 582 (out of 23390), done in 0.0 sec
[BSmooth] chr idx 583 (out of 23390), done in 0.0 sec
[BSmooth] chr idx 584 (out of 23390), done in 0.0 sec
[BSmooth] chr idx 585 (out of 23390), done in 0.0 sec
[BSmooth] chr idx 586 (out of 23390), done in 0.0 sec
[BSmooth] chr idx 587 (out of 23390), done in 0.0 sec
[BSmooth] chr idx 588 (out of 23390), done in 0.0 sec
[BSmooth] chr idx 589 (out of 23390), done in 0.0 sec
[BSmooth] chr idx 590 (out of 23390), done in 0.0 sec
[BSmooth] chr idx 591 (out of 23390), done in 0.0 sec
[BSmooth] chr idx 592 (out of 23390), done in 0.0 sec
[BSmooth] chr idx 593 (out of 23390), done in 0.0 sec
[BSmooth] chr idx 594 (out of 23390), done in 0.0 sec
[BSmooth] chr idx 595 (out of 23390), done in 0.0 sec
[BSmooth] chr idx 596 (out of 23390), done in 0.0 sec
[BSmooth] chr idx 597 (out of 23390), done in 0.0 sec
[BSmooth] chr idx 598 (out of 23390), done in 0.0 sec
[BSmooth] chr idx 599 (out of 23390), done in 0.0 sec
[BSmooth] chr idx 600 (out of 23390), done in 0.0 sec
[BSmooth] chr idx 601 (out of 23390), done in 0.0 sec
[BSmooth] chr idx 602 (out of 23390), done in 0.0 sec
[BSmooth] chr idx 603 (out of 23390), done in 0.0 sec
[BSmooth] chr idx 604 (out of 23390), done in 0.0 sec
[BSmooth] chr idx 605 (out of 23390), done in 0.0 sec
[BSmooth] chr idx 606 (out of 23390), done in 0.0 sec
[BSmooth] chr idx 607 (out of 23390), done in 0.0 sec
[BSmooth] chr idx 608 (out of 23390), done in 0.0 sec
[BSmooth] chr idx 609 (out of 23390), done in 0.0 sec
[BSmooth] chr idx 610 (out of 23390), done in 0.0 sec
[BSmooth] chr idx 611 (out of 23390), done in 0.0 sec
[BSmooth] chr idx 612 (out of 23390), done in 0.0 sec
[BSmooth] chr idx 613 (out of 23390), done in 0.0 sec
[BSmooth] chr idx 614 (out of 23390), done in 0.0 sec
[BSmooth] chr idx 615 (out of 23390), done in 0.0 sec
[BSmooth] chr idx 616 (out of 23390), done in 0.0 sec
[BSmooth] chr idx 617 (out of 23390), done in 0.0 sec
[BSmooth] chr idx 618 (out of 23390), done in 0.0 sec
[BSmooth] chr idx 619 (out of 23390), done in 0.0 sec
[BSmooth] chr idx 620 (out of 23390), done in 0.0 sec
[BSmooth] chr idx 621 (out of 23390), done in 0.0 sec
[BSmooth] chr idx 622 (out of 23390), done in 0.0 sec
[BSmooth] chr idx 623 (out of 23390), done in 0.0 sec
[BSmooth] chr idx 624 (out of 23390), done in 0.0 sec
[BSmooth] chr idx 625 (out of 23390), done in 0.0 sec
[BSmooth] chr idx 626 (out of 23390), done in 0.0 sec
[BSmooth] chr idx 627 (out of 23390), done in 0.0 sec
[BSmooth] chr idx 628 (out of 23390), done in 0.0 sec
[BSmooth] chr idx 629 (out of 23390), done in 0.0 sec
[BSmooth] chr idx 630 (out of 23390), done in 0.0 sec
[BSmooth] chr idx 631 (out of 23390), done in 0.0 sec
[BSmooth] chr idx 632 (out of 23390), done in 0.0 sec
[BSmooth] chr idx 633 (out of 23390), done in 0.0 sec
[BSmooth] chr idx 634 (out of 23390), done in 0.0 sec
[BSmooth] chr idx 635 (out of 23390), done in 0.0 sec
[BSmooth] chr idx 636 (out of 23390), done in 0.0 sec
[BSmooth] chr idx 637 (out of 23390), done in 0.0 sec
[BSmooth] chr idx 638 (out of 23390), done in 0.0 sec
[BSmooth] chr idx 639 (out of 23390), done in 0.0 sec
[BSmooth] chr idx 640 (out of 23390), done in 0.0 sec
[BSmooth] chr idx 641 (out of 23390), done in 0.0 sec
[BSmooth] chr idx 642 (out of 23390), done in 0.0 sec
[BSmooth] chr idx 643 (out of 23390), done in 0.0 sec
[BSmooth] chr idx 645 (out of 23390), done in 0.0 sec
[BSmooth] chr idx 646 (out of 23390), done in 0.0 sec
[BSmooth] chr idx 647 (out of 23390), done in 0.0 sec
[BSmooth] chr idx 648 (out of 23390), done in 0.0 sec
[BSmooth] chr idx 649 (out of 23390), done in 0.0 sec
[BSmooth] chr idx 650 (out of 23390), done in 0.0 sec
[BSmooth] chr idx 651 (out of 23390), done in 0.0 sec
[BSmooth] chr idx 652 (out of 23390), done in 0.0 sec
[BSmooth] chr idx 653 (out of 23390), done in 0.0 sec
[BSmooth] chr idx 654 (out of 23390), done in 0.0 sec
[BSmooth] chr idx 655 (out of 23390), done in 0.0 sec
[BSmooth] chr idx 656 (out of 23390), done in 0.0 sec
[BSmooth] chr idx 657 (out of 23390), done in 0.0 sec
[BSmooth] chr idx 658 (out of 23390), done in 0.0 sec
[BSmooth] chr idx 659 (out of 23390), done in 0.0 sec
[BSmooth] chr idx 660 (out of 23390), done in 0.0 sec
[BSmooth] chr idx 661 (out of 23390), done in 0.0 sec
[BSmooth] chr idx 662 (out of 23390), done in 0.0 sec
[BSmooth] chr idx 663 (out of 23390), done in 0.0 sec
[BSmooth] chr idx 664 (out of 23390), done in 0.0 sec
[BSmooth] chr idx 665 (out of 23390), done in 0.0 sec
[BSmooth] chr idx 666 (out of 23390), done in 0.0 sec
[BSmooth] chr idx 667 (out of 23390), done in 0.0 sec
[BSmooth] chr idx 668 (out of 23390), done in 0.0 sec
[BSmooth] chr idx 669 (out of 23390), done in 0.0 sec
[BSmooth] chr idx 670 (out of 23390), done in 0.0 sec
[BSmooth] chr idx 671 (out of 23390), done in 0.0 sec
[BSmooth] chr idx 672 (out of 23390), done in 0.0 sec
[BSmooth] chr idx 673 (out of 23390), done in 0.0 sec
[BSmooth] chr idx 674 (out of 23390), done in 0.0 sec
[BSmooth] chr idx 675 (out of 23390), done in 0.0 sec
[BSmooth] chr idx 676 (out of 23390), done in 0.0 sec
[BSmooth] chr idx 677 (out of 23390), done in 0.0 sec
[BSmooth] chr idx 678 (out of 23390), done in 0.0 sec
[BSmooth] chr idx 679 (out of 23390), done in 0.0 sec
[BSmooth] chr idx 680 (out of 23390), done in 0.0 sec
[BSmooth] chr idx 681 (out of 23390), done in 0.0 sec
[BSmooth] chr idx 682 (out of 23390), done in 0.0 sec
[BSmooth] chr idx 683 (out of 23390), done in 0.0 sec
[BSmooth] chr idx 684 (out of 23390), done in 0.0 sec
[BSmooth] chr idx 685 (out of 23390), done in 0.0 sec
[BSmooth] chr idx 686 (out of 23390), done in 0.0 sec
[BSmooth] chr idx 687 (out of 23390), done in 0.0 sec
[BSmooth] chr idx 688 (out of 23390), done in 0.0 sec
[BSmooth] chr idx 689 (out of 23390), done in 0.0 sec
[BSmooth] chr idx 690 (out of 23390), done in 0.0 sec
[BSmooth] chr idx 691 (out of 23390), done in 0.0 sec
[BSmooth] chr idx 692 (out of 23390), done in 0.0 sec
[BSmooth] chr idx 693 (out of 23390), done in 0.0 sec
[BSmooth] chr idx 694 (out of 23390), done in 0.0 sec
[BSmooth] chr idx 695 (out of 23390), done in 0.0 sec
[BSmooth] chr idx 696 (out of 23390), done in 0.0 sec
[BSmooth] chr idx 697 (out of 23390), done in 0.0 sec
[BSmooth] chr idx 698 (out of 23390), done in 0.0 sec
[BSmooth] chr idx 699 (out of 23390), done in 0.0 sec
[BSmooth] chr idx 700 (out of 23390), done in 0.0 sec
[BSmooth] chr idx 701 (out of 23390), done in 0.0 sec
[BSmooth] chr idx 702 (out of 23390), done in 0.0 sec
[BSmooth] chr idx 703 (out of 23390), done in 0.0 sec
[BSmooth] chr idx 704 (out of 23390), done in 0.0 sec
[BSmooth] chr idx 705 (out of 23390), done in 0.0 sec
[BSmooth] chr idx 706 (out of 23390), done in 0.0 sec
[BSmooth] chr idx 707 (out of 23390), done in 0.0 sec
[BSmooth] chr idx 708 (out of 23390), done in 0.0 sec
[BSmooth] chr idx 709 (out of 23390), done in 0.0 sec
[BSmooth] chr idx 710 (out of 23390), done in 0.0 sec
[BSmooth] chr idx 711 (out of 23390), done in 0.0 sec
[BSmooth] chr idx 712 (out of 23390), done in 0.0 sec
[BSmooth] chr idx 713 (out of 23390), done in 0.0 sec
[BSmooth] chr idx 714 (out of 23390), done in 0.0 sec
[BSmooth] chr idx 715 (out of 23390), done in 0.0 sec
[BSmooth] chr idx 716 (out of 23390), done in 0.0 sec
[BSmooth] chr idx 717 (out of 23390), done in 0.0 sec
[BSmooth] chr idx 718 (out of 23390), done in 0.0 sec
[BSmooth] chr idx 719 (out of 23390), done in 0.0 sec
[BSmooth] chr idx 720 (out of 23390), done in 0.0 sec
[BSmooth] chr idx 721 (out of 23390), done in 0.0 sec
[BSmooth] chr idx 722 (out of 23390), done in 0.0 sec
[BSmooth] chr idx 723 (out of 23390), done in 0.0 sec
[BSmooth] chr idx 724 (out of 23390), done in 0.0 sec
[BSmooth] chr idx 725 (out of 23390), done in 0.0 sec
[BSmooth] chr idx 726 (out of 23390), done in 0.0 sec
[BSmooth] chr idx 727 (out of 23390), done in 0.0 sec
[BSmooth] chr idx 728 (out of 23390), done in 0.0 sec
[BSmooth] chr idx 729 (out of 23390), done in 0.0 sec
[BSmooth] chr idx 730 (out of 23390), done in 0.0 sec
[BSmooth] chr idx 731 (out of 23390), done in 0.0 sec
[BSmooth] chr idx 732 (out of 23390), done in 0.0 sec
[BSmooth] chr idx 733 (out of 23390), done in 0.0 sec
[BSmooth] chr idx 734 (out of 23390), done in 0.0 sec
[BSmooth] chr idx 735 (out of 23390), done in 0.0 sec
[BSmooth] chr idx 736 (out of 23390), done in 0.0 sec
[BSmooth] chr idx 737 (out of 23390), done in 0.0 sec
[BSmooth] chr idx 738 (out of 23390), done in 0.0 sec
[BSmooth] chr idx 739 (out of 23390), done in 0.0 sec
[BSmooth] chr idx 740 (out of 23390), done in 0.0 sec
[BSmooth] chr idx 741 (out of 23390), done in 0.0 sec
[BSmooth] chr idx 742 (out of 23390), done in 0.0 sec
[BSmooth] chr idx 743 (out of 23390), done in 0.0 sec
[BSmooth] chr idx 744 (out of 23390), done in 0.0 sec
[BSmooth] chr idx 745 (out of 23390), done in 0.0 sec
[BSmooth] chr idx 746 (out of 23390), done in 0.0 sec
[BSmooth] chr idx 747 (out of 23390), done in 0.0 sec
[BSmooth] chr idx 748 (out of 23390), done in 0.0 sec
[BSmooth] chr idx 749 (out of 23390), done in 0.0 sec
[BSmooth] chr idx 750 (out of 23390), done in 0.0 sec
[BSmooth] chr idx 751 (out of 23390), done in 0.0 sec
[BSmooth] chr idx 752 (out of 23390), done in 0.0 sec
[BSmooth] chr idx 753 (out of 23390), done in 0.0 sec
[BSmooth] chr idx 754 (out of 23390), done in 0.0 sec
[BSmooth] chr idx 755 (out of 23390), done in 0.0 sec
[BSmooth] chr idx 756 (out of 23390), done in 0.0 sec
[BSmooth] chr idx 757 (out of 23390), done in 0.0 sec
[BSmooth] chr idx 758 (out of 23390), done in 0.0 sec
[BSmooth] chr idx 759 (out of 23390), done in 0.0 sec
[BSmooth] chr idx 760 (out of 23390), done in 0.0 sec
[BSmooth] chr idx 761 (out of 23390), done in 0.0 sec
[BSmooth] chr idx 762 (out of 23390), done in 0.0 sec
[BSmooth] chr idx 763 (out of 23390), done in 0.0 sec
[BSmooth] chr idx 764 (out of 23390), done in 0.0 sec
[BSmooth] chr idx 765 (out of 23390), done in 0.0 sec
[BSmooth] chr idx 766 (out of 23390), done in 0.0 sec
[BSmooth] chr idx 767 (out of 23390), done in 0.0 sec
[BSmooth] chr idx 768 (out of 23390), done in 0.0 sec
[BSmooth] chr idx 769 (out of 23390), done in 0.0 sec
[BSmooth] chr idx 770 (out of 23390), done in 0.0 sec
[BSmooth] chr idx 771 (out of 23390), done in 0.0 sec
[BSmooth] chr idx 772 (out of 23390), done in 0.0 sec
[BSmooth] chr idx 773 (out of 23390), done in 0.0 sec
[BSmooth] chr idx 774 (out of 23390), done in 0.0 sec
[BSmooth] chr idx 775 (out of 23390), done in 0.0 sec
[BSmooth] chr idx 776 (out of 23390), done in 0.0 sec
[BSmooth] chr idx 777 (out of 23390), done in 0.0 sec
[BSmooth] chr idx 778 (out of 23390), done in 0.0 sec
[BSmooth] chr idx 779 (out of 23390), done in 0.0 sec
[BSmooth] chr idx 780 (out of 23390), done in 0.0 sec
[BSmooth] chr idx 781 (out of 23390), done in 0.0 sec
[BSmooth] chr idx 782 (out of 23390), done in 0.0 sec
[BSmooth] chr idx 783 (out of 23390), done in 0.0 sec
[BSmooth] chr idx 784 (out of 23390), done in 0.0 sec
[BSmooth] chr idx 785 (out of 23390), done in 0.0 sec
[BSmooth] chr idx 786 (out of 23390), done in 0.0 sec
[BSmooth] chr idx 787 (out of 23390), done in 0.0 sec
[BSmooth] chr idx 788 (out of 23390), done in 0.0 sec
[BSmooth] chr idx 789 (out of 23390), done in 0.0 sec
[BSmooth] chr idx 790 (out of 23390), done in 0.0 sec
[BSmooth] chr idx 791 (out of 23390), done in 0.0 sec
[BSmooth] chr idx 792 (out of 23390), done in 0.0 sec
[BSmooth] chr idx 793 (out of 23390), done in 0.0 sec
[BSmooth] chr idx 794 (out of 23390), done in 0.0 sec
[BSmooth] chr idx 795 (out of 23390), done in 0.0 sec
[BSmooth] chr idx 796 (out of 23390), done in 0.0 sec
[BSmooth] chr idx 797 (out of 23390), done in 0.0 sec
[BSmooth] chr idx 798 (out of 23390), done in 0.0 sec
[BSmooth] chr idx 799 (out of 23390), done in 0.0 sec
[BSmooth] chr idx 800 (out of 23390), done in 0.0 sec
[BSmooth] chr idx 801 (out of 23390), done in 0.0 sec
[BSmooth] chr idx 802 (out of 23390), done in 0.0 sec
[BSmooth] chr idx 803 (out of 23390), done in 0.0 sec
[BSmooth] chr idx 804 (out of 23390), done in 0.0 sec
[BSmooth] chr idx 805 (out of 23390), done in 0.0 sec
[BSmooth] chr idx 806 (out of 23390), done in 0.0 sec
[BSmooth] chr idx 807 (out of 23390), done in 0.0 sec
[BSmooth] chr idx 808 (out of 23390), done in 0.0 sec
[BSmooth] chr idx 809 (out of 23390), done in 0.0 sec
[BSmooth] chr idx 810 (out of 23390), done in 0.0 sec
[BSmooth] chr idx 811 (out of 23390), done in 0.0 sec
[BSmooth] chr idx 812 (out of 23390), done in 0.0 sec
[BSmooth] chr idx 813 (out of 23390), done in 0.0 sec
[BSmooth] chr idx 814 (out of 23390), done in 0.0 sec
[BSmooth] chr idx 815 (out of 23390), done in 0.0 sec
[BSmooth] chr idx 816 (out of 23390), done in 0.0 sec
[BSmooth] chr idx 817 (out of 23390), done in 0.0 sec
[BSmooth] chr idx 818 (out of 23390), done in 0.0 sec
[BSmooth] chr idx 819 (out of 23390), done in 0.0 sec
[BSmooth] chr idx 820 (out of 23390), done in 0.0 sec
[BSmooth] chr idx 821 (out of 23390), done in 0.0 sec
[BSmooth] chr idx 822 (out of 23390), done in 0.0 sec
[BSmooth] chr idx 823 (out of 23390), done in 0.0 sec
[BSmooth] chr idx 824 (out of 23390), done in 0.0 sec
[BSmooth] chr idx 825 (out of 23390), done in 0.0 sec
[BSmooth] chr idx 826 (out of 23390), done in 0.0 sec
[BSmooth] chr idx 827 (out of 23390), done in 0.0 sec
[BSmooth] chr idx 828 (out of 23390), done in 0.0 sec
[BSmooth] chr idx 829 (out of 23390), done in 0.0 sec
[BSmooth] chr idx 830 (out of 23390), done in 0.0 sec
[BSmooth] chr idx 831 (out of 23390), done in 0.0 sec
[BSmooth] chr idx 832 (out of 23390), done in 0.0 sec
[BSmooth] chr idx 833 (out of 23390), done in 0.0 sec
[BSmooth] chr idx 834 (out of 23390), done in 0.0 sec
[BSmooth] chr idx 835 (out of 23390), done in 0.0 sec
[BSmooth] chr idx 836 (out of 23390), done in 0.0 sec
[BSmooth] chr idx 837 (out of 23390), done in 0.0 sec
[BSmooth] chr idx 838 (out of 23390), done in 0.0 sec
[BSmooth] chr idx 839 (out of 23390), done in 0.0 sec
[BSmooth] chr idx 840 (out of 23390), done in 0.0 sec
[BSmooth] chr idx 841 (out of 23390), done in 0.0 sec
[BSmooth] chr idx 842 (out of 23390), done in 0.0 sec
[BSmooth] chr idx 843 (out of 23390), done in 0.0 sec
[BSmooth] chr idx 844 (out of 23390), done in 0.0 sec
[BSmooth] chr idx 845 (out of 23390), done in 0.0 sec
[BSmooth] chr idx 846 (out of 23390), done in 0.0 sec
[BSmooth] chr idx 847 (out of 23390), done in 0.0 sec
[BSmooth] chr idx 848 (out of 23390), done in 0.0 sec
[BSmooth] chr idx 849 (out of 23390), done in 0.0 sec
[BSmooth] chr idx 850 (out of 23390), done in 0.0 sec
[BSmooth] chr idx 851 (out of 23390), done in 0.0 sec
[BSmooth] chr idx 852 (out of 23390), done in 0.0 sec
[BSmooth] chr idx 853 (out of 23390), done in 0.0 sec
[BSmooth] chr idx 854 (out of 23390), done in 0.0 sec
[BSmooth] chr idx 855 (out of 23390), done in 0.0 sec
[BSmooth] chr idx 856 (out of 23390), done in 0.0 sec
[BSmooth] chr idx 857 (out of 23390), done in 0.0 sec
[BSmooth] chr idx 858 (out of 23390), done in 0.0 sec
[BSmooth] chr idx 859 (out of 23390), done in 0.0 sec
[BSmooth] chr idx 860 (out of 23390), done in 0.0 sec
[BSmooth] chr idx 861 (out of 23390), done in 0.0 sec
[BSmooth] chr idx 862 (out of 23390), done in 0.0 sec
[BSmooth] chr idx 863 (out of 23390), done in 0.0 sec
[BSmooth] chr idx 864 (out of 23390), done in 0.0 sec
[BSmooth] chr idx 865 (out of 23390), done in 0.0 sec
[BSmooth] chr idx 866 (out of 23390), done in 0.0 sec
[BSmooth] chr idx 867 (out of 23390), done in 0.0 sec
[BSmooth] chr idx 868 (out of 23390), done in 0.0 sec
[BSmooth] chr idx 869 (out of 23390), done in 0.0 sec
[BSmooth] chr idx 870 (out of 23390), done in 0.0 sec
[BSmooth] chr idx 871 (out of 23390), done in 0.0 sec
[BSmooth] chr idx 872 (out of 23390), done in 0.0 sec
[BSmooth] chr idx 873 (out of 23390), done in 0.0 sec
[BSmooth] chr idx 874 (out of 23390), done in 0.0 sec
[BSmooth] chr idx 875 (out of 23390), done in 0.0 sec
[BSmooth] chr idx 876 (out of 23390), done in 0.0 sec
[BSmooth] chr idx 877 (out of 23390), done in 0.0 sec
[BSmooth] chr idx 878 (out of 23390), done in 0.0 sec
[BSmooth] chr idx 879 (out of 23390), done in 0.0 sec
[BSmooth] chr idx 880 (out of 23390), done in 0.0 sec
[BSmooth] chr idx 881 (out of 23390), done in 0.0 sec
[BSmooth] chr idx 882 (out of 23390), done in 0.0 sec
[BSmooth] chr idx 883 (out of 23390), done in 0.0 sec
[BSmooth] chr idx 884 (out of 23390), done in 0.0 sec
[BSmooth] chr idx 885 (out of 23390), done in 0.0 sec
[BSmooth] chr idx 886 (out of 23390), done in 0.0 sec
[BSmooth] chr idx 887 (out of 23390), done in 0.0 sec
[BSmooth] chr idx 888 (out of 23390), done in 0.0 sec
[BSmooth] chr idx 889 (out of 23390), done in 0.0 sec
[BSmooth] chr idx 890 (out of 23390), done in 0.0 sec
[BSmooth] chr idx 891 (out of 23390), done in 0.0 sec
[BSmooth] chr idx 892 (out of 23390), done in 0.0 sec
[BSmooth] chr idx 893 (out of 23390), done in 0.0 sec
[BSmooth] chr idx 894 (out of 23390), done in 0.0 sec
[BSmooth] chr idx 895 (out of 23390), done in 0.0 sec
[BSmooth] chr idx 896 (out of 23390), done in 0.0 sec
[BSmooth] chr idx 897 (out of 23390), done in 0.0 sec
[BSmooth] chr idx 898 (out of 23390), done in 0.0 sec
[BSmooth] chr idx 899 (out of 23390), done in 0.0 sec
[BSmooth] chr idx 900 (out of 23390), done in 0.0 sec
[BSmooth] chr idx 901 (out of 23390), done in 0.0 sec
[BSmooth] chr idx 902 (out of 23390), done in 0.0 sec
[BSmooth] chr idx 903 (out of 23390), done in 0.0 sec
[BSmooth] chr idx 904 (out of 23390), done in 0.0 sec
[BSmooth] chr idx 905 (out of 23390), done in 0.0 sec
[BSmooth] chr idx 906 (out of 23390), done in 0.0 sec
[BSmooth] chr idx 907 (out of 23390), done in 0.0 sec
[BSmooth] chr idx 908 (out of 23390), done in 0.0 sec
[BSmooth] chr idx 909 (out of 23390), done in 0.0 sec
[BSmooth] chr idx 910 (out of 23390), done in 0.0 sec
[BSmooth] chr idx 911 (out of 23390), done in 0.0 sec
[BSmooth] chr idx 912 (out of 23390), done in 0.0 sec
[BSmooth] chr idx 913 (out of 23390), done in 0.0 sec
slurmstepd: error: Job 10794981 exceeded memory limit (1487515736 > 251658240), being killed
slurmstepd: error: Exceeded job memory limit
[BSmooth] chr idx 914 (out of 23390), done in 0.0 sec
slurmstepd: error: *** JOB 10794981 ON bigmem0006 CANCELLED AT 2017-01-22T02:13:24 ***
[BSmooth] chr idx 915 (out of 23390), done in 0.0 sec
[BSmooth] chr idx 916 (out of 23390), done in 0.2 sec
Error in sendMaster(try(eval(expr, env), silent = TRUE)) : 
  ignoring SIGPIPE signal
Calls: BSmooth -> mclapply -> mcparallel -> sendMaster
